<?xml version="1.0" encoding="UTF-8"?>
<!-- Generated by org.testng.reporters.JUnitReportReporter -->
<testsuite hostname="Admin-PC" failures="0" tests="1" name="automation.testsuite.NganNguyen.TS_Test" time="9.211" errors="0" timestamp="9 Jun 2023 14:40:10 GMT">
  <testcase classname="automation.testsuite.NganNguyen.TS_Test" name="Epic1_Story1_SignInPage" time="9.211"/>
</testsuite> <!-- automation.testsuite.NganNguyen.TS_Test -->
