<?xml version="1.0" encoding="UTF-8"?>
<!-- Generated by org.testng.reporters.JUnitReportReporter -->
<testsuite hostname="Admin-PC" failures="0" tests="1" name="automation.testsuite.TS_Test" time="18.467" errors="0" timestamp="11 Jun 2023 11:31:06 GMT">
  <testcase classname="automation.testsuite.TS_Test" name="Epic1_Story1_SignInPage" time="18.467"/>
</testsuite> <!-- automation.testsuite.TS_Test -->
