<?xml version="1.0" encoding="UTF-8"?>
<!-- Generated by org.testng.reporters.JUnitReportReporter -->
<testsuite hostname="Admin-PC" failures="0" tests="1" name="automation.testsuite.beptu" time="8.189" errors="0" timestamp="10 Jun 2023 14:22:53 GMT">
  <testcase classname="automation.testsuite.beptu" name="hienThiDanhSachBepTuTheoMucGia" time="8.189"/>
</testsuite> <!-- automation.testsuite.beptu -->
