<?xml version="1.0" encoding="UTF-8"?>
<!-- Generated by org.testng.reporters.JUnitReportReporter -->
<testsuite hostname="Admin-PC" failures="0" tests="1" name="automation.testsuite.TS_Test" time="11.470" errors="0" timestamp="7 Jun 2023 15:48:08 GMT">
  <testcase classname="automation.testsuite.TS_Test" name="Epic1_Story1_SignInPage" time="11.470"/>
</testsuite> <!-- automation.testsuite.TS_Test -->
