<?xml version="1.0" encoding="UTF-8"?>
<!-- Generated by org.testng.reporters.JUnitReportReporter -->
<testsuite hostname="MSI" failures="0" tests="1" name="automation.testsuite.TrangNguyen.buoi12" time="2.829" errors="0" timestamp="2023-06-29T20:19:03 ICT" skipped="0">
  <testcase classname="automation.testsuite.TrangNguyen.buoi12" name="isRadioButtonSelected" time="2.829"/>
  <system-out/>
</testsuite> <!-- automation.testsuite.TrangNguyen.buoi12 -->
