<?xml version="1.0" encoding="UTF-8"?>
<!-- Generated by org.testng.reporters.JUnitReportReporter -->
<testsuite hostname="thuongnt" failures="0" tests="1" name="automation.testsuite.TS_Test" time="6.094" errors="0" timestamp="13 Feb 2022 14:58:43 GMT">
  <testcase classname="automation.testsuite.TS_Test" name="Epic1_Story1_SignInPage" time="6.094"/>
</testsuite> <!-- automation.testsuite.TS_Test -->
