<?xml version="1.0" encoding="UTF-8"?>
<!-- Generated by org.testng.reporters.JUnitReportReporter -->
<testsuite hostname="trangnth1" failures="0" tests="8" name="automation.testsuite.TrangNguyen.Login_Test_factory" time="74.975" errors="1" timestamp="2023-07-07T14:57:26 ICT" skipped="0">
  <testcase classname="automation.testsuite.TrangNguyen.Login_Test_factory" name="LoginUSS" time="10.917"/>
  <system-out/>
  <testcase classname="automation.testsuite.TrangNguyen.Login_Test_factory" name="LoginUnSS_not_valid_password" time="11.569"/>
  <system-out/>
  <testcase classname="automation.testsuite.TrangNguyen.Login_Test_factory" name="LoginUnSS_password_have_space_between" time="10.580"/>
  <system-out/>
  <testcase classname="automation.testsuite.TrangNguyen.Login_Test_factory" name="LoginUnSS_password_is_Blank" time="8.669"/>
  <system-out/>
  <testcase classname="automation.testsuite.TrangNguyen.Login_Test_factory" name="LoginUnSS_not_valid_username" time="11.891"/>
  <system-out/>
  <testcase classname="automation.testsuite.TrangNguyen.Login_Test_factory" name="LoginSS" time="13.359"/>
  <system-out/>
  <testcase classname="automation.testsuite.TrangNguyen.Login_Test_factory" name="LoginUnSS_username_is_Blank" time="7.988"/>
  <system-out/>
  <testcase classname="automation.testsuite.TrangNguyen.Login_Test_factory" name="LoginUnSS_username_have_space_between" time="0.002">
    <error message="Unresolved compilation problem: 
	The method LoginFunction(String, String) is undefined for the type LoginPage
" type="java.lang.Error">
      <![CDATA[java.lang.Error: Unresolved compilation problem: 
The method LoginFunction(String, String) is undefined for the type LoginPage

at automation.testsuite.TrangNguyen.Login_Test_factory.LoginUnSS_username_have_space_between(Login_Test_factory.java:71)
at java.base/jdk.internal.reflect.NativeMethodAccessorImpl.invoke0(Native Method)
at java.base/jdk.internal.reflect.NativeMethodAccessorImpl.invoke(NativeMethodAccessorImpl.java:77)
at java.base/jdk.internal.reflect.DelegatingMethodAccessorImpl.invoke(DelegatingMethodAccessorImpl.java:43)
at java.base/java.lang.reflect.Method.invoke(Method.java:568)
at org.testng.internal.MethodInvocationHelper.invokeMethod(MethodInvocationHelper.java:133)
at org.testng.internal.TestInvoker.invokeMethod(TestInvoker.java:598)
at org.testng.internal.TestInvoker.invokeTestMethod(TestInvoker.java:173)
at org.testng.internal.MethodRunner.runInSequence(MethodRunner.java:46)
at org.testng.internal.TestInvoker$MethodInvocationAgent.invoke(TestInvoker.java:824)
at org.testng.internal.TestInvoker.invokeTestMethods(TestInvoker.java:146)
at org.testng.internal.TestMethodWorker.invokeTestMethods(TestMethodWorker.java:146)
at org.testng.internal.TestMethodWorker.run(TestMethodWorker.java:128)
at java.base/java.util.ArrayList.forEach(ArrayList.java:1511)
at org.testng.TestRunner.privateRun(TestRunner.java:794)
at org.testng.TestRunner.run(TestRunner.java:596)
at org.testng.SuiteRunner.runTest(SuiteRunner.java:377)
at org.testng.SuiteRunner.runSequentially(SuiteRunner.java:371)
at org.testng.SuiteRunner.privateRun(SuiteRunner.java:332)
at org.testng.SuiteRunner.run(SuiteRunner.java:276)
at org.testng.SuiteRunnerWorker.runSuite(SuiteRunnerWorker.java:53)
at org.testng.SuiteRunnerWorker.run(SuiteRunnerWorker.java:96)
at org.testng.TestNG.runSuitesSequentially(TestNG.java:1212)
at org.testng.TestNG.runSuitesLocally(TestNG.java:1134)
at org.testng.TestNG.runSuites(TestNG.java:1063)
at org.testng.TestNG.run(TestNG.java:1031)
at org.testng.remote.AbstractRemoteTestNG.run(AbstractRemoteTestNG.java:115)
at org.testng.remote.RemoteTestNG.initAndRun(RemoteTestNG.java:251)
at org.testng.remote.RemoteTestNG.main(RemoteTestNG.java:77)
]]>
    </error>
  </testcase> <!-- LoginUnSS_username_have_space_between -->
  <system-out/>
</testsuite> <!-- automation.testsuite.TrangNguyen.Login_Test_factory -->
