<?xml version="1.0" encoding="UTF-8"?>
<!-- Generated by org.testng.reporters.JUnitReportReporter -->
<testsuite hostname="Admin-PC" failures="0" tests="1" name="automation.testsuite.TS_Test" time="18.027" errors="0" timestamp="12 Jun 2023 15:20:53 GMT">
  <testcase classname="automation.testsuite.TS_Test" name="Demo_Testcase" time="18.027"/>
</testsuite> <!-- automation.testsuite.TS_Test -->
