<?xml version="1.0" encoding="UTF-8"?>
<!-- Generated by org.testng.reporters.JUnitReportReporter -->
<testsuite hostname="Admin-PC" failures="0" tests="1" name="automation.testsuite.TS_PracticeLocateElement" time="6.664" errors="0" timestamp="2023-06-19T07:06:03 GMT+07:00" skipped="0">
  <testcase classname="automation.testsuite.TS_PracticeLocateElement" name="Demo_Testcase" time="6.664"/>
  <system-out/>
</testsuite> <!-- automation.testsuite.TS_PracticeLocateElement -->
